0.164904 72
0.031814 100
22.018109 1
1.574772 3
2.044934 1
0.361266 1
0.169588 1
2.931838 11
0.066351 2
5.065290 1
0.144321 1
0.675996 1
0.188087 1
1.498478 1
0.343264 1
0.065864 1
0.432768 3
0.159566 3
1.685814 1
0.115324 1
0.429037 4
0.159868 1
0.232105 1
0.630282 3
0.169342 3
0.166005 3
0.156338 3
0.167943 6
0.201743 3
0.134355 3
1.474157 1
1.217763 3
0.287958 1
0.578305 3
0.757443 1
0.509103 1
0.279089 1
1.862138 1
0.181840 1
0.354093 1
0.298136 1
0.696065 1
1.745628 1
0.642494 1
0.245829 1
1.139885 1
10.233960 2
0.043993 6
6.335888 1
0.280018 1
0.322177 1
0.165829 1
0.354200 2
0.001344 72
0.028901 100
1.138115 1
0.222106 3
0.110061 1
0.208230 1
0.325490 11
